/gpfs/data/oermannlab/users/slj9342/.conda/envs/dl4med_25/lib/python3.11/site-packages/pytorch_lightning/callbacks/model_checkpoint.py:654: Checkpoint directory /gpfs/data/oermannlab/users/slj9342/dl4med_final_project/checkpoints exists and is not empty.
LOCAL_RANK: 0 - CUDA_VISIBLE_DEVICES: [0]

  | Name            | Type                   | Params | Mode
-------------------------------------------------------------------
0 | acc_cnn         | ACCFeatureExtractorCNN | 573 K  | train
1 | lstm            | LSTM                   | 8.5 M  | train
2 | classifier      | Linear                 | 2.6 K  | train
3 | kappa           | MulticlassCohenKappa   | 0      | train
4 | train_criterion | CrossEntropyLoss       | 0      | train
5 | val_criterion   | CrossEntropyLoss       | 0      | train
-------------------------------------------------------------------
9.1 M     Trainable params
0         Non-trainable params
9.1 M     Total params
36.261    Total estimated model params size (MB)
18        Modules in train mode
0         Modules in eval mode
Metric val_loss improved. New best score: 1.624
Metric val_loss improved by 0.041 >= min_delta = 0.0. New best score: 1.583
Metric val_loss improved by 0.003 >= min_delta = 0.0. New best score: 1.580
Metric val_loss improved by 0.003 >= min_delta = 0.0. New best score: 1.577
Metric val_loss improved by 0.008 >= min_delta = 0.0. New best score: 1.569
Metric val_loss improved by 0.009 >= min_delta = 0.0. New best score: 1.560
Metric val_loss improved by 0.001 >= min_delta = 0.0. New best score: 1.559
Metric val_loss improved by 0.008 >= min_delta = 0.0. New best score: 1.551
Metric val_loss improved by 0.008 >= min_delta = 0.0. New best score: 1.543
Metric val_loss improved by 0.005 >= min_delta = 0.0. New best score: 1.538
Metric val_loss improved by 0.006 >= min_delta = 0.0. New best score: 1.532
Metric val_loss improved by 0.006 >= min_delta = 0.0. New best score: 1.527
Metric val_loss improved by 0.002 >= min_delta = 0.0. New best score: 1.525
Metric val_loss improved by 0.004 >= min_delta = 0.0. New best score: 1.521
Metric val_loss improved by 0.002 >= min_delta = 0.0. New best score: 1.518

Detected KeyboardInterrupt, attempting graceful shutdown ...
[W 2025-04-25 12:01:53,433] Trial 4 failed with parameters: {'cnn_output_channels': 32, 'lstm_hidden_size': 256, 'num_layers': 6, 'learning_rate': 1.0765435123607358e-05, 'dropout': 0.2635711727350947, 'label_smoothing': 0.11051044506254273} because of the following error: NameError("name 'exit' is not defined").
Traceback (most recent call last):
  File "/gpfs/data/oermannlab/users/slj9342/.conda/envs/dl4med_25/lib/python3.11/site-packages/pytorch_lightning/trainer/call.py", line 48, in _call_and_handle_interrupt
    return trainer_fn(*args, **kwargs)
           ^^^^^^^^^^^^^^^^^^^^^^^^^^^
  File "/gpfs/data/oermannlab/users/slj9342/.conda/envs/dl4med_25/lib/python3.11/site-packages/pytorch_lightning/trainer/trainer.py", line 599, in _fit_impl
    self._run(model, ckpt_path=ckpt_path)
  File "/gpfs/data/oermannlab/users/slj9342/.conda/envs/dl4med_25/lib/python3.11/site-packages/pytorch_lightning/trainer/trainer.py", line 1012, in _run
    results = self._run_stage()
              ^^^^^^^^^^^^^^^^^
  File "/gpfs/data/oermannlab/users/slj9342/.conda/envs/dl4med_25/lib/python3.11/site-packages/pytorch_lightning/trainer/trainer.py", line 1056, in _run_stage
    self.fit_loop.run()
  File "/gpfs/data/oermannlab/users/slj9342/.conda/envs/dl4med_25/lib/python3.11/site-packages/pytorch_lightning/loops/fit_loop.py", line 216, in run
    self.advance()
  File "/gpfs/data/oermannlab/users/slj9342/.conda/envs/dl4med_25/lib/python3.11/site-packages/pytorch_lightning/loops/fit_loop.py", line 455, in advance
    self.epoch_loop.run(self._data_fetcher)
  File "/gpfs/data/oermannlab/users/slj9342/.conda/envs/dl4med_25/lib/python3.11/site-packages/pytorch_lightning/loops/training_epoch_loop.py", line 150, in run
    self.advance(data_fetcher)
  File "/gpfs/data/oermannlab/users/slj9342/.conda/envs/dl4med_25/lib/python3.11/site-packages/pytorch_lightning/loops/training_epoch_loop.py", line 320, in advance
    batch_output = self.automatic_optimization.run(trainer.optimizers[0], batch_idx, kwargs)
                   ^^^^^^^^^^^^^^^^^^^^^^^^^^^^^^^^^^^^^^^^^^^^^^^^^^^^^^^^^^^^^^^^^^^^^^^^^
  File "/gpfs/data/oermannlab/users/slj9342/.conda/envs/dl4med_25/lib/python3.11/site-packages/pytorch_lightning/loops/optimization/automatic.py", line 192, in run
    self._optimizer_step(batch_idx, closure)
  File "/gpfs/data/oermannlab/users/slj9342/.conda/envs/dl4med_25/lib/python3.11/site-packages/pytorch_lightning/loops/optimization/automatic.py", line 270, in _optimizer_step
    call._call_lightning_module_hook(
  File "/gpfs/data/oermannlab/users/slj9342/.conda/envs/dl4med_25/lib/python3.11/site-packages/pytorch_lightning/trainer/call.py", line 176, in _call_lightning_module_hook
    output = fn(*args, **kwargs)
             ^^^^^^^^^^^^^^^^^^^
  File "/gpfs/data/oermannlab/users/slj9342/.conda/envs/dl4med_25/lib/python3.11/site-packages/pytorch_lightning/core/module.py", line 1302, in optimizer_step
    optimizer.step(closure=optimizer_closure)
  File "/gpfs/data/oermannlab/users/slj9342/.conda/envs/dl4med_25/lib/python3.11/site-packages/pytorch_lightning/core/optimizer.py", line 154, in step
    step_output = self._strategy.optimizer_step(self._optimizer, closure, **kwargs)
                  ^^^^^^^^^^^^^^^^^^^^^^^^^^^^^^^^^^^^^^^^^^^^^^^^^^^^^^^^^^^^^^^^^
  File "/gpfs/data/oermannlab/users/slj9342/.conda/envs/dl4med_25/lib/python3.11/site-packages/pytorch_lightning/strategies/strategy.py", line 239, in optimizer_step
    return self.precision_plugin.optimizer_step(optimizer, model=model, closure=closure, **kwargs)
           ^^^^^^^^^^^^^^^^^^^^^^^^^^^^^^^^^^^^^^^^^^^^^^^^^^^^^^^^^^^^^^^^^^^^^^^^^^^^^^^^^^^^^^^
  File "/gpfs/data/oermannlab/users/slj9342/.conda/envs/dl4med_25/lib/python3.11/site-packages/pytorch_lightning/plugins/precision/amp.py", line 79, in optimizer_step
    closure_result = closure()
                     ^^^^^^^^^
  File "/gpfs/data/oermannlab/users/slj9342/.conda/envs/dl4med_25/lib/python3.11/site-packages/pytorch_lightning/loops/optimization/automatic.py", line 146, in __call__
    self._result = self.closure(*args, **kwargs)
                   ^^^^^^^^^^^^^^^^^^^^^^^^^^^^^
  File "/gpfs/data/oermannlab/users/slj9342/.conda/envs/dl4med_25/lib/python3.11/site-packages/torch/utils/_contextlib.py", line 116, in decorate_context
    return func(*args, **kwargs)
           ^^^^^^^^^^^^^^^^^^^^^
  File "/gpfs/data/oermannlab/users/slj9342/.conda/envs/dl4med_25/lib/python3.11/site-packages/pytorch_lightning/loops/optimization/automatic.py", line 131, in closure
    step_output = self._step_fn()
                  ^^^^^^^^^^^^^^^
  File "/gpfs/data/oermannlab/users/slj9342/.conda/envs/dl4med_25/lib/python3.11/site-packages/pytorch_lightning/loops/optimization/automatic.py", line 319, in _training_step
    training_step_output = call._call_strategy_hook(trainer, "training_step", *kwargs.values())
                           ^^^^^^^^^^^^^^^^^^^^^^^^^^^^^^^^^^^^^^^^^^^^^^^^^^^^^^^^^^^^^^^^^^^^
  File "/gpfs/data/oermannlab/users/slj9342/.conda/envs/dl4med_25/lib/python3.11/site-packages/pytorch_lightning/trainer/call.py", line 328, in _call_strategy_hook
    output = fn(*args, **kwargs)
             ^^^^^^^^^^^^^^^^^^^
  File "/gpfs/data/oermannlab/users/slj9342/.conda/envs/dl4med_25/lib/python3.11/site-packages/pytorch_lightning/strategies/strategy.py", line 391, in training_step
    return self.lightning_module.training_step(*args, **kwargs)
           ^^^^^^^^^^^^^^^^^^^^^^^^^^^^^^^^^^^^^^^^^^^^^^^^^^^^
  File "/tmp/ipykernel_323196/2617433144.py", line 142, in training_step
    y_hat = self(non_acc, acc)            # (lstm_seq_len, batch, num_sleep_stages)
            ^^^^^^^^^^^^^^^^^^
  File "/gpfs/data/oermannlab/users/slj9342/.conda/envs/dl4med_25/lib/python3.11/site-packages/torch/nn/modules/module.py", line 1739, in _wrapped_call_impl
    return self._call_impl(*args, **kwargs)
           ^^^^^^^^^^^^^^^^^^^^^^^^^^^^^^^^
  File "/gpfs/data/oermannlab/users/slj9342/.conda/envs/dl4med_25/lib/python3.11/site-packages/torch/nn/modules/module.py", line 1750, in _call_impl
    return forward_call(*args, **kwargs)
           ^^^^^^^^^^^^^^^^^^^^^^^^^^^^^
  File "/tmp/ipykernel_323196/2617433144.py", line 127, in forward
    lstm_out, _ = self.lstm(lstm_in)      # (lstm_seq_len, batch, 2*lstm_hidden_size)
                  ^^^^^^^^^^^^^^^^^^
  File "/gpfs/data/oermannlab/users/slj9342/.conda/envs/dl4med_25/lib/python3.11/site-packages/torch/nn/modules/module.py", line 1739, in _wrapped_call_impl
    return self._call_impl(*args, **kwargs)
           ^^^^^^^^^^^^^^^^^^^^^^^^^^^^^^^^
  File "/gpfs/data/oermannlab/users/slj9342/.conda/envs/dl4med_25/lib/python3.11/site-packages/torch/nn/modules/module.py", line 1750, in _call_impl
    return forward_call(*args, **kwargs)
           ^^^^^^^^^^^^^^^^^^^^^^^^^^^^^
  File "/gpfs/data/oermannlab/users/slj9342/.conda/envs/dl4med_25/lib/python3.11/site-packages/torch/nn/modules/rnn.py", line 1124, in forward
    result = _VF.lstm(
             ^^^^^^^^^
KeyboardInterrupt

During handling of the above exception, another exception occurred:

Traceback (most recent call last):
  File "/gpfs/data/oermannlab/users/slj9342/.conda/envs/dl4med_25/lib/python3.11/site-packages/optuna/study/_optimize.py", line 197, in _run_trial
    value_or_values = func(trial)
                      ^^^^^^^^^^^
  File "/tmp/ipykernel_323196/411471477.py", line 49, in objective
    trainer.fit(model, train_loader, val_loader)
  File "/gpfs/data/oermannlab/users/slj9342/.conda/envs/dl4med_25/lib/python3.11/site-packages/pytorch_lightning/trainer/trainer.py", line 561, in fit
    call._call_and_handle_interrupt(
  File "/gpfs/data/oermannlab/users/slj9342/.conda/envs/dl4med_25/lib/python3.11/site-packages/pytorch_lightning/trainer/call.py", line 65, in _call_and_handle_interrupt
    exit(1)
    ^^^^
NameError: name 'exit' is not defined
[W 2025-04-25 12:01:53,464] Trial 4 failed with value None.
EXECUTABLE/gpfs/data/oermannlab/users/slj9342/.conda/envs/dl4med_25/bin/pythonEXECUTABLE
EXECUTABLE/gpfs/data/oermannlab/users/slj9342/.conda/envs/dl4med_25/bin/pythonEXECUTABLE
EXECUTABLE/gpfs/data/oermannlab/users/slj9342/.conda/envs/dl4med_25/bin/pythonEXECUTABLE
EXECUTABLE/gpfs/data/oermannlab/users/slj9342/.conda/envs/dl4med_25/bin/pythonEXECUTABLE
EXECUTABLE/gpfs/data/oermannlab/users/slj9342/.conda/envs/dl4med_25/bin/pythonEXECUTABLE
